  SinglyLinkedListSource.cpp
c:\users\arago\documents\visual studio 2017\projects\data structures\hw2 singly linked lists\hw2 singly linked lists\singlylinkedlistsource.cpp(510): warning C4101: 'error': unreferenced local variable
c:\users\arago\documents\visual studio 2017\projects\data structures\hw2 singly linked lists\hw2 singly linked lists\singlylinkedlistsource.cpp(518): warning C4101: 'error': unreferenced local variable
c:\users\arago\documents\visual studio 2017\projects\data structures\hw2 singly linked lists\hw2 singly linked lists\singlylinkedlistsource.cpp(565): warning C4101: 'error': unreferenced local variable
c:\users\arago\documents\visual studio 2017\projects\data structures\hw2 singly linked lists\hw2 singly linked lists\singlylinkedlistsource.cpp(573): warning C4101: 'error': unreferenced local variable
c:\users\arago\documents\visual studio 2017\projects\data structures\hw2 singly linked lists\hw2 singly linked lists\singlylinkedlistsource.cpp(158): warning C4018: '>=': signed/unsigned mismatch
  c:\users\arago\documents\visual studio 2017\projects\data structures\hw2 singly linked lists\hw2 singly linked lists\singlylinkedlistsource.cpp(146): note: while compiling class template member function 'int SinglyLinkedList<int>::getAtIndex(const unsigned int) const'
  c:\users\arago\documents\visual studio 2017\projects\data structures\hw2 singly linked lists\hw2 singly linked lists\singlylinkedlistsource.cpp(493): note: see reference to function template instantiation 'int SinglyLinkedList<int>::getAtIndex(const unsigned int) const' being compiled
  c:\users\arago\documents\visual studio 2017\projects\data structures\hw2 singly linked lists\hw2 singly linked lists\singlylinkedlistsource.cpp(484): note: see reference to class template instantiation 'SinglyLinkedList<int>' being compiled
c:\users\arago\documents\visual studio 2017\projects\data structures\hw2 singly linked lists\hw2 singly linked lists\singlylinkedlistsource.cpp(176): warning C4018: '<': signed/unsigned mismatch
c:\users\arago\documents\visual studio 2017\projects\data structures\hw2 singly linked lists\hw2 singly linked lists\singlylinkedlistsource.cpp(200): warning C4018: '>=': signed/unsigned mismatch
  c:\users\arago\documents\visual studio 2017\projects\data structures\hw2 singly linked lists\hw2 singly linked lists\singlylinkedlistsource.cpp(188): note: while compiling class template member function 'int &SinglyLinkedList<int>::operator [](const unsigned int)'
  c:\users\arago\documents\visual studio 2017\projects\data structures\hw2 singly linked lists\hw2 singly linked lists\singlylinkedlistsource.cpp(543): note: see reference to function template instantiation 'int &SinglyLinkedList<int>::operator [](const unsigned int)' being compiled
c:\users\arago\documents\visual studio 2017\projects\data structures\hw2 singly linked lists\hw2 singly linked lists\singlylinkedlistsource.cpp(215): warning C4018: '<': signed/unsigned mismatch
c:\users\arago\documents\visual studio 2017\projects\data structures\hw2 singly linked lists\hw2 singly linked lists\singlylinkedlistsource.cpp(233): warning C4018: '>': signed/unsigned mismatch
  c:\users\arago\documents\visual studio 2017\projects\data structures\hw2 singly linked lists\hw2 singly linked lists\singlylinkedlistsource.cpp(226): note: while compiling class template member function 'void SinglyLinkedList<int>::insertAtIndex(const unsigned int,const T &)'
          with
          [
              T=int
          ]
  c:\users\arago\documents\visual studio 2017\projects\data structures\hw2 singly linked lists\hw2 singly linked lists\singlylinkedlistsource.cpp(590): note: see reference to function template instantiation 'void SinglyLinkedList<int>::insertAtIndex(const unsigned int,const T &)' being compiled
          with
          [
              T=int
          ]
c:\users\arago\documents\visual studio 2017\projects\data structures\hw2 singly linked lists\hw2 singly linked lists\singlylinkedlistsource.cpp(263): warning C4018: '<': signed/unsigned mismatch
c:\users\arago\documents\visual studio 2017\projects\data structures\hw2 singly linked lists\hw2 singly linked lists\singlylinkedlistsource.cpp(268): warning C4018: '<': signed/unsigned mismatch
c:\users\arago\documents\visual studio 2017\projects\data structures\hw2 singly linked lists\hw2 singly linked lists\singlylinkedlistsource.cpp(294): warning C4018: '>=': signed/unsigned mismatch
  c:\users\arago\documents\visual studio 2017\projects\data structures\hw2 singly linked lists\hw2 singly linked lists\singlylinkedlistsource.cpp(288): note: while compiling class template member function 'void SinglyLinkedList<int>::deleteAtIndex(const unsigned int)'
  c:\users\arago\documents\visual studio 2017\projects\data structures\hw2 singly linked lists\hw2 singly linked lists\singlylinkedlistsource.cpp(627): note: see reference to function template instantiation 'void SinglyLinkedList<int>::deleteAtIndex(const unsigned int)' being compiled
c:\users\arago\documents\visual studio 2017\projects\data structures\hw2 singly linked lists\hw2 singly linked lists\singlylinkedlistsource.cpp(326): warning C4018: '<': signed/unsigned mismatch
c:\users\arago\documents\visual studio 2017\projects\data structures\hw2 singly linked lists\hw2 singly linked lists\singlylinkedlistsource.cpp(332): warning C4018: '<': signed/unsigned mismatch
  HW2 Singly Linked Lists.vcxproj -> C:\Users\arago\Documents\Visual Studio 2017\Projects\Data Structures\HW2 Singly Linked Lists\Debug\HW2 Singly Linked Lists.exe
  HW2 Singly Linked Lists.vcxproj -> C:\Users\arago\Documents\Visual Studio 2017\Projects\Data Structures\HW2 Singly Linked Lists\Debug\HW2 Singly Linked Lists.pdb (Partial PDB)
